<?xml version="1.0" encoding="UTF-8"?>
<robot generator="Robot 5.0.1 (Python 3.9.5 on win32)" generated="20221012 14:44:23.879" rpa="false" schemaversion="3">
<suite id="s1" name="Modelo" source="C:\Users\Nique\Desktop\robotframework\modelo.robot">
<test id="s1-t1" name="Cenário 1: Peencher formulario" line="34">
<kw name="Abrir Site">
<kw name="Open Browser" library="SeleniumLibrary">
<arg>https://itera-qa.azurewebsites.net/home/automation</arg>
<arg>chrome</arg>
<doc>Opens a new browser instance to the optional ``url``.</doc>
<msg timestamp="20221012 14:44:24.027" level="INFO">Opening browser 'chrome' to base url 'https://itera-qa.azurewebsites.net/home/automation'.</msg>
<status status="PASS" starttime="20221012 14:44:24.027" endtime="20221012 14:44:27.034"/>
</kw>
<status status="PASS" starttime="20221012 14:44:24.026" endtime="20221012 14:44:27.034"/>
</kw>
<kw name="preencher campos">
<kw name="Input Text" library="SeleniumLibrary">
<arg>${input_name}</arg>
<arg>Nique</arg>
<doc>Types the given ``text`` into the text field identified by ``locator``.</doc>
<msg timestamp="20221012 14:44:27.035" level="INFO">Typing text 'Nique' into text field '//input[@id="name"]'.</msg>
<status status="PASS" starttime="20221012 14:44:27.034" endtime="20221012 14:44:27.090"/>
</kw>
<kw name="Sleep" library="BuiltIn">
<arg>1s</arg>
<doc>Pauses the test executed for the given time.</doc>
<msg timestamp="20221012 14:44:28.102" level="INFO">Slept 1 second</msg>
<status status="PASS" starttime="20221012 14:44:27.090" endtime="20221012 14:44:28.102"/>
</kw>
<kw name="Input Text" library="SeleniumLibrary">
<arg>${input_phone}</arg>
<arg>7187878787</arg>
<doc>Types the given ``text`` into the text field identified by ``locator``.</doc>
<msg timestamp="20221012 14:44:28.102" level="INFO">Typing text '7187878787' into text field '//input[@id="phone"]'.</msg>
<status status="PASS" starttime="20221012 14:44:28.102" endtime="20221012 14:44:28.151"/>
</kw>
<kw name="Sleep" library="BuiltIn">
<arg>1s</arg>
<doc>Pauses the test executed for the given time.</doc>
<msg timestamp="20221012 14:44:29.161" level="INFO">Slept 1 second</msg>
<status status="PASS" starttime="20221012 14:44:28.151" endtime="20221012 14:44:29.161"/>
</kw>
<kw name="Input Text" library="SeleniumLibrary">
<arg>${input_email}</arg>
<arg>nique@teste.com</arg>
<doc>Types the given ``text`` into the text field identified by ``locator``.</doc>
<msg timestamp="20221012 14:44:29.161" level="INFO">Typing text 'nique@teste.com' into text field '//input[@id="email"]'.</msg>
<status status="PASS" starttime="20221012 14:44:29.161" endtime="20221012 14:44:29.214"/>
</kw>
<kw name="Sleep" library="BuiltIn">
<arg>1s</arg>
<doc>Pauses the test executed for the given time.</doc>
<msg timestamp="20221012 14:44:30.228" level="INFO">Slept 1 second</msg>
<status status="PASS" starttime="20221012 14:44:29.214" endtime="20221012 14:44:30.228"/>
</kw>
<kw name="Input Text" library="SeleniumLibrary">
<arg>${input_password}</arg>
<arg>123567</arg>
<doc>Types the given ``text`` into the text field identified by ``locator``.</doc>
<msg timestamp="20221012 14:44:30.228" level="INFO">Typing text '123567' into text field '//input[@id="password"]'.</msg>
<status status="PASS" starttime="20221012 14:44:30.228" endtime="20221012 14:44:30.276"/>
</kw>
<kw name="Sleep" library="BuiltIn">
<arg>1s</arg>
<doc>Pauses the test executed for the given time.</doc>
<msg timestamp="20221012 14:44:31.284" level="INFO">Slept 1 second</msg>
<status status="PASS" starttime="20221012 14:44:30.276" endtime="20221012 14:44:31.284"/>
</kw>
<kw name="Input Text" library="SeleniumLibrary">
<arg>${textarea_address}</arg>
<arg>xxxxxxxxxxxxxxxxx</arg>
<doc>Types the given ``text`` into the text field identified by ``locator``.</doc>
<msg timestamp="20221012 14:44:31.284" level="INFO">Typing text 'xxxxxxxxxxxxxxxxx' into text field '//textarea[@id="address"]'.</msg>
<status status="PASS" starttime="20221012 14:44:31.284" endtime="20221012 14:44:31.333"/>
</kw>
<status status="PASS" starttime="20221012 14:44:27.034" endtime="20221012 14:44:31.333"/>
</kw>
<kw name="clicar em submit">
<kw name="Click Element" library="SeleniumLibrary">
<arg>${button_submit}</arg>
<doc>Click the element identified by ``locator``.</doc>
<msg timestamp="20221012 14:44:31.334" level="INFO">Clicking element '//button[@name="submit"]'.</msg>
<status status="PASS" starttime="20221012 14:44:31.334" endtime="20221012 14:44:31.360"/>
</kw>
<status status="PASS" starttime="20221012 14:44:31.333" endtime="20221012 14:44:31.360"/>
</kw>
<kw name="fechar Navegador">
<kw name="Close Browser" library="SeleniumLibrary">
<doc>Closes the current browser.</doc>
<status status="PASS" starttime="20221012 14:44:31.361" endtime="20221012 14:44:33.474"/>
</kw>
<status status="PASS" starttime="20221012 14:44:31.360" endtime="20221012 14:44:33.474"/>
</kw>
<status status="PASS" starttime="20221012 14:44:24.026" endtime="20221012 14:44:33.474"/>
</test>
<status status="PASS" starttime="20221012 14:44:23.880" endtime="20221012 14:44:33.475"/>
</suite>
<statistics>
<total>
<stat pass="1" fail="0" skip="0">All Tests</stat>
</total>
<tag>
</tag>
<suite>
<stat pass="1" fail="0" skip="0" id="s1" name="Modelo">Modelo</stat>
</suite>
</statistics>
<errors>
</errors>
</robot>
