<?xml version="1.0" encoding="UTF-8"?>
<robot generator="Robot 5.0.1 (Python 3.9.5 on win32)" generated="20221012 14:52:55.957" rpa="false" schemaversion="3">
<suite id="s1" name="Bdd" source="C:\Users\Nique\Desktop\robotframework\bdd.robot">
<test id="s1-t1" name="Cénario 1: Executar Video no Site do Youtube" line="41">
<kw name="Dado que eu acesso o youtube">
<kw name="Open Browser" library="SeleniumLibrary">
<arg>${URL}</arg>
<arg>${Browser}</arg>
<doc>Opens a new browser instance to the optional ``url``.</doc>
<msg timestamp="20221012 14:52:56.101" level="INFO">Opening browser 'chrome' to base url 'https://www.youtube.com/'.</msg>
<status status="PASS" starttime="20221012 14:52:56.100" endtime="20221012 14:52:59.798"/>
</kw>
<status status="PASS" starttime="20221012 14:52:56.100" endtime="20221012 14:52:59.798"/>
</kw>
<kw name="Quando digito o nome da musica">
<kw name="Input Text" library="SeleniumLibrary">
<arg>${Input_Pesquisa}</arg>
<arg>${NomeDaMusica}</arg>
<doc>Types the given ``text`` into the text field identified by ``locator``.</doc>
<msg timestamp="20221012 14:52:59.800" level="INFO">Typing text '180 Alok' into text field '//input[@id="search"]'.</msg>
<status status="PASS" starttime="20221012 14:52:59.799" endtime="20221012 14:52:59.886"/>
</kw>
<status status="PASS" starttime="20221012 14:52:59.799" endtime="20221012 14:52:59.886"/>
</kw>
<kw name="E clico no botão buscar">
<kw name="Click Element" library="SeleniumLibrary">
<arg>${Button_Pesquisa}</arg>
<doc>Click the element identified by ``locator``.</doc>
<msg timestamp="20221012 14:52:59.888" level="INFO">Clicking element '//button[@id="search-icon-legacy"]'.</msg>
<status status="PASS" starttime="20221012 14:52:59.887" endtime="20221012 14:52:59.972"/>
</kw>
<status status="PASS" starttime="20221012 14:52:59.887" endtime="20221012 14:52:59.972"/>
</kw>
<kw name="E clico na primeira opção da lista">
<kw name="Wait Until Element Is Visible" library="SeleniumLibrary">
<arg>${Primeiro}</arg>
<arg>10</arg>
<doc>Waits until the element ``locator`` is visible.</doc>
<status status="PASS" starttime="20221012 14:52:59.973" endtime="20221012 14:53:00.892"/>
</kw>
<kw name="Click Element" library="SeleniumLibrary">
<arg>${Primeiro}</arg>
<doc>Click the element identified by ``locator``.</doc>
<msg timestamp="20221012 14:53:00.893" level="INFO">Clicking element '(//yt-formatted-string[@class="style-scope ytd-video-renderer"])[1]'.</msg>
<status status="PASS" starttime="20221012 14:53:00.893" endtime="20221012 14:53:00.976"/>
</kw>
<status status="PASS" starttime="20221012 14:52:59.973" endtime="20221012 14:53:00.976"/>
</kw>
<kw name="Então o video é executado">
<kw name="Wait Until Element Is Visible" library="SeleniumLibrary">
<arg>${Prova}</arg>
<arg>10</arg>
<doc>Waits until the element ``locator`` is visible.</doc>
<status status="PASS" starttime="20221012 14:53:00.977" endtime="20221012 14:53:01.997"/>
</kw>
<kw name="Element Should Be Visible" library="SeleniumLibrary">
<arg>${Prova}</arg>
<doc>Verifies that the element identified by ``locator`` is visible.</doc>
<msg timestamp="20221012 14:53:02.014" level="INFO">Element '//yt-formatted-string[contains(text(),"Compartilhar")]' is displayed.</msg>
<status status="PASS" starttime="20221012 14:53:01.997" endtime="20221012 14:53:02.014"/>
</kw>
<kw name="Sleep" library="BuiltIn">
<arg>1s</arg>
<doc>Pauses the test executed for the given time.</doc>
<msg timestamp="20221012 14:53:03.023" level="INFO">Slept 1 second</msg>
<status status="PASS" starttime="20221012 14:53:02.014" endtime="20221012 14:53:03.023"/>
</kw>
<kw name="Close Browser" library="SeleniumLibrary">
<doc>Closes the current browser.</doc>
<status status="PASS" starttime="20221012 14:53:03.023" endtime="20221012 14:53:05.297"/>
</kw>
<status status="PASS" starttime="20221012 14:53:00.977" endtime="20221012 14:53:05.297"/>
</kw>
<status status="PASS" starttime="20221012 14:52:56.100" endtime="20221012 14:53:05.297"/>
</test>
<status status="PASS" starttime="20221012 14:52:55.958" endtime="20221012 14:53:05.298"/>
</suite>
<statistics>
<total>
<stat pass="1" fail="0" skip="0">All Tests</stat>
</total>
<tag>
</tag>
<suite>
<stat pass="1" fail="0" skip="0" id="s1" name="Bdd">Bdd</stat>
</suite>
</statistics>
<errors>
</errors>
</robot>
