<?xml version="1.0" encoding="UTF-8"?>
<robot generator="Robot 5.0.1 (Python 3.9.5 on win32)" generated="20221013 09:03:21.822" rpa="false" schemaversion="3">
<suite id="s1" name="Bdd" source="C:\Users\Nique\Desktop\robotframework\bdd.robot">
<test id="s1-t1" name="Cénario 1: Executar Video no Site do Youtube" line="42">
<kw name="Dado que eu acesso o youtube">
<kw name="Open Browser" library="SeleniumLibrary">
<arg>${URL}</arg>
<arg>${Browser}</arg>
<doc>Opens a new browser instance to the optional ``url``.</doc>
<msg timestamp="20221013 09:03:21.972" level="INFO">Opening browser 'chrome' to base url 'https://www.youtube.com/'.</msg>
<status status="PASS" starttime="20221013 09:03:21.972" endtime="20221013 09:03:25.602"/>
</kw>
<status status="PASS" starttime="20221013 09:03:21.972" endtime="20221013 09:03:25.602"/>
</kw>
<kw name="Quando digito o nome da musica">
<kw name="Input Text" library="SeleniumLibrary">
<arg>${Input_Pesquisa}</arg>
<arg>${NomeDaMusica}</arg>
<doc>Types the given ``text`` into the text field identified by ``locator``.</doc>
<msg timestamp="20221013 09:03:25.603" level="INFO">Typing text '180 Alok' into text field '//input[@id="search"]'.</msg>
<status status="PASS" starttime="20221013 09:03:25.603" endtime="20221013 09:03:25.705"/>
</kw>
<status status="PASS" starttime="20221013 09:03:25.603" endtime="20221013 09:03:25.705"/>
</kw>
<kw name="E clico no botão buscar">
<kw name="Click Element" library="SeleniumLibrary">
<arg>${Button_Pesquisa}</arg>
<doc>Click the element identified by ``locator``.</doc>
<msg timestamp="20221013 09:03:25.706" level="INFO">Clicking element '//button[@id="search-icon-legacy"]'.</msg>
<status status="PASS" starttime="20221013 09:03:25.706" endtime="20221013 09:03:25.793"/>
</kw>
<status status="PASS" starttime="20221013 09:03:25.705" endtime="20221013 09:03:25.793"/>
</kw>
<kw name="E clico na primeira opção da lista">
<kw name="Wait Until Element Is Visible" library="SeleniumLibrary">
<arg>${Primeiro}</arg>
<arg>10</arg>
<doc>Waits until the element ``locator`` is visible.</doc>
<status status="PASS" starttime="20221013 09:03:25.794" endtime="20221013 09:03:26.783"/>
</kw>
<kw name="Click Element" library="SeleniumLibrary">
<arg>${Primeiro}</arg>
<doc>Click the element identified by ``locator``.</doc>
<msg timestamp="20221013 09:03:26.783" level="INFO">Clicking element '(//yt-formatted-string[@class="style-scope ytd-video-renderer"])[1]'.</msg>
<status status="PASS" starttime="20221013 09:03:26.783" endtime="20221013 09:03:26.878"/>
</kw>
<status status="PASS" starttime="20221013 09:03:25.794" endtime="20221013 09:03:26.878"/>
</kw>
<kw name="Então o video é executado">
<kw name="Wait Until Element Is Visible" library="SeleniumLibrary">
<arg>${Prova}</arg>
<arg>10</arg>
<doc>Waits until the element ``locator`` is visible.</doc>
<status status="PASS" starttime="20221013 09:03:26.879" endtime="20221013 09:03:27.675"/>
</kw>
<kw name="Element Should Be Visible" library="SeleniumLibrary">
<arg>${Prova}</arg>
<doc>Verifies that the element identified by ``locator`` is visible.</doc>
<msg timestamp="20221013 09:03:27.694" level="INFO">Element '//yt-formatted-string[contains(text(),"Compartilhar")]' is displayed.</msg>
<status status="PASS" starttime="20221013 09:03:27.675" endtime="20221013 09:03:27.694"/>
</kw>
<kw name="Sleep" library="BuiltIn">
<arg>1s</arg>
<doc>Pauses the test executed for the given time.</doc>
<msg timestamp="20221013 09:03:28.708" level="INFO">Slept 1 second</msg>
<status status="PASS" starttime="20221013 09:03:27.694" endtime="20221013 09:03:28.708"/>
</kw>
<kw name="Close Browser" library="SeleniumLibrary">
<doc>Closes the current browser.</doc>
<status status="PASS" starttime="20221013 09:03:28.708" endtime="20221013 09:03:30.981"/>
</kw>
<status status="PASS" starttime="20221013 09:03:26.879" endtime="20221013 09:03:30.981"/>
</kw>
<status status="PASS" starttime="20221013 09:03:21.971" endtime="20221013 09:03:30.981"/>
</test>
<status status="PASS" starttime="20221013 09:03:21.823" endtime="20221013 09:03:30.982"/>
</suite>
<statistics>
<total>
<stat pass="1" fail="0" skip="0">All Tests</stat>
</total>
<tag>
</tag>
<suite>
<stat pass="1" fail="0" skip="0" id="s1" name="Bdd">Bdd</stat>
</suite>
</statistics>
<errors>
</errors>
</robot>
